2025-11-26 18:55:54.019  INFO c.e.d.DemoApplication:53 - Starting DemoApplication using Java 17.0.15 with PID 69126 (/Volumes/GT/dijango格温/bishe/demo/target/classes started by wuyingnan in /Volumes/GT/dijango格温/bishe/demo)
2025-11-26 18:55:54.022  INFO c.e.d.DemoApplication:652 - No active profile set, falling back to 1 default profile: "default"
2025-11-26 18:55:54.449  INFO o.s.d.r.c.RepositoryConfigurationDelegate:145 - Bootstrapping Spring Data JPA repositories in DEFAULT mode.
2025-11-26 18:55:54.493  INFO o.s.d.r.c.RepositoryConfigurationDelegate:213 - Finished Spring Data repository scanning in 40 ms. Found 12 JPA repository interfaces.
2025-11-26 18:55:54.788  INFO o.s.b.w.e.t.TomcatWebServer:111 - Tomcat initialized with port 8080 (http)
2025-11-26 18:55:54.794  INFO o.a.c.c.StandardService:168 - Starting service [Tomcat]
2025-11-26 18:55:54.794  INFO o.a.c.c.StandardEngine:168 - Starting Servlet engine: [Apache Tomcat/10.1.46]
2025-11-26 18:55:54.811  INFO o.a.c.c.C.[.[.[/]:168 - Initializing Spring embedded WebApplicationContext
2025-11-26 18:55:54.812  INFO o.s.b.w.s.c.ServletWebServerApplicationContext:301 - Root WebApplicationContext: initialization completed in 762 ms
2025-11-26 18:55:54.920  INFO o.h.j.i.u.LogHelper:31 - HHH000204: Processing PersistenceUnitInfo [name: default]
2025-11-26 18:55:54.938  INFO o.h.Version:44 - HHH000412: Hibernate ORM core version 6.6.29.Final
2025-11-26 18:55:54.957  INFO o.h.c.i.RegionFactoryInitiator:50 - HHH000026: Second-level cache disabled
2025-11-26 18:55:55.057  INFO o.s.o.j.p.SpringPersistenceUnitInfo:87 - No LoadTimeWeaver setup: ignoring JPA class transformer
2025-11-26 18:55:55.072  INFO c.z.h.HikariDataSource:109 - HikariPool-1 - Starting...
2025-11-26 18:55:55.358  INFO c.z.h.p.HikariPool:580 - HikariPool-1 - Added connection com.mysql.cj.jdbc.ConnectionImpl@26270b77
2025-11-26 18:55:55.358  INFO c.z.h.HikariDataSource:122 - HikariPool-1 - Start completed.
2025-11-26 18:55:55.450  WARN o.h.o.deprecation:153 - HHH90000025: MySQLDialect does not need to be specified explicitly using 'hibernate.dialect' (remove the property setting and it will be selected by default)
2025-11-26 18:55:55.459  INFO o.h.o.c.pooling:163 - HHH10001005: Database info:
	Database JDBC URL [Connecting through datasource 'HikariDataSource (HikariPool-1)']
	Database driver: undefined/unknown
	Database version: 8.0.44
	Autocommit mode: undefined/unknown
	Isolation level: undefined/unknown
	Minimum pool size: undefined/unknown
	Maximum pool size: undefined/unknown
2025-11-26 18:55:55.916  INFO o.h.e.t.j.p.i.JtaPlatformInitiator:59 - HHH000489: No JTA platform available (set 'hibernate.transaction.jta.platform' to enable JTA platform integration)
2025-11-26 18:55:56.036  INFO o.s.o.j.LocalContainerEntityManagerFactoryBean:447 - Initialized JPA EntityManagerFactory for persistence unit 'default'
2025-11-26 18:55:56.150  INFO o.s.d.j.r.q.QueryEnhancerFactory:49 - Hibernate is in classpath; If applicable, HQL parser will be used.
2025-11-26 18:55:57.079  WARN o.s.b.a.o.j.JpaBaseConfiguration$JpaWebConfiguration:258 - spring.jpa.open-in-view is enabled by default. Therefore, database queries may be performed during view rendering. Explicitly configure spring.jpa.open-in-view to disable this warning
2025-11-26 18:55:57.333  INFO o.s.b.w.e.t.TomcatWebServer:243 - Tomcat started on port 8080 (http) with context path '/'
2025-11-26 18:55:57.338  INFO c.e.d.DemoApplication:59 - Started DemoApplication in 3.519 seconds (process running for 3.844)
2025-11-26 18:56:00.010  INFO c.e.d.s.CompetitionScheduledTask:33 - 开始执行竞赛状态自动更新任务
2025-11-26 18:56:00.061  INFO c.e.d.s.CompetitionScheduledTask:35 - 竞赛状态自动更新任务完成
2025-11-26 18:56:48.300  INFO o.a.c.c.C.[.[.[/]:168 - Initializing Spring DispatcherServlet 'dispatcherServlet'
2025-11-26 18:56:48.301  INFO o.s.w.s.DispatcherServlet:532 - Initializing Servlet 'dispatcherServlet'
2025-11-26 18:56:48.308  INFO o.s.w.s.DispatcherServlet:554 - Completed initialization in 7 ms
2025-11-26 18:56:48.337  WARN c.e.d.c.JwtAuthenticationFilter:101 - JWT认证失败 - Token已过期: path=/api/users/profile, username=unknown, expiredTime=0ms
2025-11-26 18:56:48.337  WARN c.e.d.c.JwtAuthenticationFilter:101 - JWT认证失败 - Token已过期: path=/api/users/validate-token, username=unknown, expiredTime=0ms
2025-11-26 18:57:00.002  INFO c.e.d.s.CompetitionScheduledTask:33 - 开始执行竞赛状态自动更新任务
2025-11-26 18:57:00.048  INFO c.e.d.s.CompetitionScheduledTask:35 - 竞赛状态自动更新任务完成
2025-11-26 18:58:00.002  INFO c.e.d.s.CompetitionScheduledTask:33 - 开始执行竞赛状态自动更新任务
2025-11-26 18:58:00.025  INFO c.e.d.s.CompetitionScheduledTask:35 - 竞赛状态自动更新任务完成
2025-11-26 18:59:00.002  INFO c.e.d.s.CompetitionScheduledTask:33 - 开始执行竞赛状态自动更新任务
2025-11-26 18:59:00.027  INFO c.e.d.s.CompetitionScheduledTask:35 - 竞赛状态自动更新任务完成
2025-11-26 18:59:19.226  INFO c.e.d.c.StudentExamController:63 - 获取学生竞赛列表: page=0, size=5, onlyRegistered=true
2025-11-26 18:59:19.240  INFO c.e.d.c.StudentExamController:79 - 用户 5 直接提交的报名数: 2
2025-11-26 18:59:19.240  INFO c.e.d.c.StudentExamController:80 - 用户 5 的团队成员身份数: 3
2025-11-26 18:59:19.240  INFO c.e.d.c.StudentExamController:90 - 直接报名 - 报名ID: 3, 竞赛ID: 2, 状态: APPROVED
2025-11-26 18:59:19.243  INFO c.e.d.c.StudentExamController:90 - 直接报名 - 报名ID: 5, 竞赛ID: 3, 状态: APPROVED
2025-11-26 18:59:19.247  INFO c.e.d.c.StudentExamController:108 - 团队报名 - 团队ID: 3, 报名ID: 3, 竞赛ID: 2, 状态: APPROVED
2025-11-26 18:59:19.248  INFO c.e.d.c.StudentExamController:108 - 团队报名 - 团队ID: 5, 报名ID: 5, 竞赛ID: 3, 状态: APPROVED
2025-11-26 18:59:19.250  INFO c.e.d.c.StudentExamController:108 - 团队报名 - 团队ID: 6, 报名ID: 6, 竞赛ID: 4, 状态: APPROVED
2025-11-26 18:59:19.251  INFO c.e.d.c.StudentExamController:120 - 用户 5 的竞赛总数（去重后）: 3
2025-11-26 18:59:19.265  INFO c.e.d.c.ScoreController:318 - 获取我的成绩: userId=5
2025-11-26 18:59:19.272  INFO c.e.d.c.ScoreController:342 - 用户 5 的成绩数: 2
2025-11-26 18:59:59.994  INFO c.e.d.s.CompetitionScheduledTask:47 - 开始执行竞赛状态每小时更新任务
2025-11-26 19:00:00.014  INFO c.e.d.s.CompetitionScheduledTask:49 - 竞赛状态每小时更新任务完成
2025-11-26 19:00:00.015  INFO c.e.d.s.CompetitionScheduledTask:33 - 开始执行竞赛状态自动更新任务
2025-11-26 19:00:00.029  INFO c.e.d.s.CompetitionScheduledTask:35 - 竞赛状态自动更新任务完成
2025-11-26 19:01:00.001  INFO c.e.d.s.CompetitionScheduledTask:33 - 开始执行竞赛状态自动更新任务
2025-11-26 19:01:00.023  INFO c.e.d.s.CompetitionScheduledTask:35 - 竞赛状态自动更新任务完成
2025-11-26 19:02:00.003  INFO c.e.d.s.CompetitionScheduledTask:33 - 开始执行竞赛状态自动更新任务
2025-11-26 19:02:00.036  INFO c.e.d.s.CompetitionScheduledTask:35 - 竞赛状态自动更新任务完成
2025-11-26 19:03:00.003  INFO c.e.d.s.CompetitionScheduledTask:33 - 开始执行竞赛状态自动更新任务
2025-11-26 19:03:00.045  INFO c.e.d.s.CompetitionScheduledTask:35 - 竞赛状态自动更新任务完成
2025-11-26 19:04:00.002  INFO c.e.d.s.CompetitionScheduledTask:33 - 开始执行竞赛状态自动更新任务
2025-11-26 19:04:00.026  INFO c.e.d.s.CompetitionScheduledTask:35 - 竞赛状态自动更新任务完成
2025-11-26 19:05:00.002  INFO c.e.d.s.CompetitionScheduledTask:33 - 开始执行竞赛状态自动更新任务
2025-11-26 19:05:00.027  INFO c.e.d.s.CompetitionScheduledTask:35 - 竞赛状态自动更新任务完成
2025-11-26 19:06:00.003  INFO c.e.d.s.CompetitionScheduledTask:33 - 开始执行竞赛状态自动更新任务
2025-11-26 19:06:00.027  INFO c.e.d.s.CompetitionScheduledTask:35 - 竞赛状态自动更新任务完成
2025-11-26 19:06:59.999  INFO c.e.d.s.CompetitionScheduledTask:33 - 开始执行竞赛状态自动更新任务
2025-11-26 19:07:00.029  INFO c.e.d.s.CompetitionScheduledTask:35 - 竞赛状态自动更新任务完成
2025-11-26 19:08:00.002  INFO c.e.d.s.CompetitionScheduledTask:33 - 开始执行竞赛状态自动更新任务
2025-11-26 19:08:00.022  INFO c.e.d.s.CompetitionScheduledTask:35 - 竞赛状态自动更新任务完成
2025-11-26 19:09:00.001  INFO c.e.d.s.CompetitionScheduledTask:33 - 开始执行竞赛状态自动更新任务
2025-11-26 19:09:00.027  INFO c.e.d.s.CompetitionScheduledTask:35 - 竞赛状态自动更新任务完成
2025-11-26 19:10:00.000  INFO c.e.d.s.CompetitionScheduledTask:33 - 开始执行竞赛状态自动更新任务
2025-11-26 19:10:00.020  INFO c.e.d.s.CompetitionScheduledTask:35 - 竞赛状态自动更新任务完成
2025-11-26 19:11:00.003  INFO c.e.d.s.CompetitionScheduledTask:33 - 开始执行竞赛状态自动更新任务
2025-11-26 19:11:00.023  INFO c.e.d.s.CompetitionScheduledTask:35 - 竞赛状态自动更新任务完成
2025-11-26 19:11:59.998  INFO c.e.d.s.CompetitionScheduledTask:33 - 开始执行竞赛状态自动更新任务
2025-11-26 19:12:00.018  INFO c.e.d.s.CompetitionScheduledTask:35 - 竞赛状态自动更新任务完成
2025-11-26 19:12:59.999  INFO c.e.d.s.CompetitionScheduledTask:33 - 开始执行竞赛状态自动更新任务
2025-11-26 19:13:00.019  INFO c.e.d.s.CompetitionScheduledTask:35 - 竞赛状态自动更新任务完成
2025-11-26 19:14:00.001  INFO c.e.d.s.CompetitionScheduledTask:33 - 开始执行竞赛状态自动更新任务
2025-11-26 19:14:00.025  INFO c.e.d.s.CompetitionScheduledTask:35 - 竞赛状态自动更新任务完成
2025-11-26 19:15:00.002  INFO c.e.d.s.CompetitionScheduledTask:33 - 开始执行竞赛状态自动更新任务
2025-11-26 19:15:00.021  INFO c.e.d.s.CompetitionScheduledTask:35 - 竞赛状态自动更新任务完成
2025-11-26 19:16:00.001  INFO c.e.d.s.CompetitionScheduledTask:33 - 开始执行竞赛状态自动更新任务
2025-11-26 19:16:00.017  INFO c.e.d.s.CompetitionScheduledTask:35 - 竞赛状态自动更新任务完成
2025-11-26 19:17:00.002  INFO c.e.d.s.CompetitionScheduledTask:33 - 开始执行竞赛状态自动更新任务
2025-11-26 19:17:00.023  INFO c.e.d.s.CompetitionScheduledTask:35 - 竞赛状态自动更新任务完成
2025-11-26 19:17:59.998  INFO c.e.d.s.CompetitionScheduledTask:33 - 开始执行竞赛状态自动更新任务
2025-11-26 19:18:00.012  INFO c.e.d.s.CompetitionScheduledTask:35 - 竞赛状态自动更新任务完成
2025-11-26 19:19:00.001  INFO c.e.d.s.CompetitionScheduledTask:33 - 开始执行竞赛状态自动更新任务
2025-11-26 19:19:00.011  INFO c.e.d.s.CompetitionScheduledTask:35 - 竞赛状态自动更新任务完成
2025-11-26 19:20:00.002  INFO c.e.d.s.CompetitionScheduledTask:33 - 开始执行竞赛状态自动更新任务
2025-11-26 19:20:00.021  INFO c.e.d.s.CompetitionScheduledTask:35 - 竞赛状态自动更新任务完成
2025-11-26 19:21:00.002  INFO c.e.d.s.CompetitionScheduledTask:33 - 开始执行竞赛状态自动更新任务
2025-11-26 19:21:00.017  INFO c.e.d.s.CompetitionScheduledTask:35 - 竞赛状态自动更新任务完成
2025-11-26 19:22:00.002  INFO c.e.d.s.CompetitionScheduledTask:33 - 开始执行竞赛状态自动更新任务
2025-11-26 19:22:00.018  INFO c.e.d.s.CompetitionScheduledTask:35 - 竞赛状态自动更新任务完成
2025-11-26 19:22:59.997  INFO c.e.d.s.CompetitionScheduledTask:33 - 开始执行竞赛状态自动更新任务
2025-11-26 19:23:00.014  INFO c.e.d.s.CompetitionScheduledTask:35 - 竞赛状态自动更新任务完成
2025-11-26 19:24:00.002  INFO c.e.d.s.CompetitionScheduledTask:33 - 开始执行竞赛状态自动更新任务
2025-11-26 19:24:00.017  INFO c.e.d.s.CompetitionScheduledTask:35 - 竞赛状态自动更新任务完成
2025-11-26 19:24:59.997  INFO c.e.d.s.CompetitionScheduledTask:33 - 开始执行竞赛状态自动更新任务
2025-11-26 19:25:00.012  INFO c.e.d.s.CompetitionScheduledTask:35 - 竞赛状态自动更新任务完成
2025-11-26 19:26:00.001  INFO c.e.d.s.CompetitionScheduledTask:33 - 开始执行竞赛状态自动更新任务
2025-11-26 19:26:00.018  INFO c.e.d.s.CompetitionScheduledTask:35 - 竞赛状态自动更新任务完成
2025-11-26 19:26:59.998  INFO c.e.d.s.CompetitionScheduledTask:33 - 开始执行竞赛状态自动更新任务
2025-11-26 19:27:00.017  INFO c.e.d.s.CompetitionScheduledTask:35 - 竞赛状态自动更新任务完成
2025-11-26 19:28:00.002  INFO c.e.d.s.CompetitionScheduledTask:33 - 开始执行竞赛状态自动更新任务
2025-11-26 19:28:00.021  INFO c.e.d.s.CompetitionScheduledTask:35 - 竞赛状态自动更新任务完成
2025-11-26 19:28:59.998  INFO c.e.d.s.CompetitionScheduledTask:33 - 开始执行竞赛状态自动更新任务
2025-11-26 19:29:00.017  INFO c.e.d.s.CompetitionScheduledTask:35 - 竞赛状态自动更新任务完成
2025-11-26 19:30:00.002  INFO c.e.d.s.CompetitionScheduledTask:33 - 开始执行竞赛状态自动更新任务
2025-11-26 19:30:00.022  INFO c.e.d.s.CompetitionScheduledTask:35 - 竞赛状态自动更新任务完成
2025-11-26 19:31:00.001  INFO c.e.d.s.CompetitionScheduledTask:33 - 开始执行竞赛状态自动更新任务
2025-11-26 19:31:00.017  INFO c.e.d.s.CompetitionScheduledTask:35 - 竞赛状态自动更新任务完成
2025-11-26 19:32:00.002  INFO c.e.d.s.CompetitionScheduledTask:33 - 开始执行竞赛状态自动更新任务
2025-11-26 19:32:00.015  INFO c.e.d.s.CompetitionScheduledTask:35 - 竞赛状态自动更新任务完成
2025-11-26 19:33:00.002  INFO c.e.d.s.CompetitionScheduledTask:33 - 开始执行竞赛状态自动更新任务
2025-11-26 19:33:00.015  INFO c.e.d.s.CompetitionScheduledTask:35 - 竞赛状态自动更新任务完成
2025-11-26 19:34:00.002  INFO c.e.d.s.CompetitionScheduledTask:33 - 开始执行竞赛状态自动更新任务
2025-11-26 19:34:00.015  INFO c.e.d.s.CompetitionScheduledTask:35 - 竞赛状态自动更新任务完成
2025-11-26 19:35:00.000  INFO c.e.d.s.CompetitionScheduledTask:33 - 开始执行竞赛状态自动更新任务
2025-11-26 19:35:00.025  INFO c.e.d.s.CompetitionScheduledTask:35 - 竞赛状态自动更新任务完成
2025-11-26 19:36:00.001  INFO c.e.d.s.CompetitionScheduledTask:33 - 开始执行竞赛状态自动更新任务
2025-11-26 19:36:00.021  INFO c.e.d.s.CompetitionScheduledTask:35 - 竞赛状态自动更新任务完成
2025-11-26 19:37:00.002  INFO c.e.d.s.CompetitionScheduledTask:33 - 开始执行竞赛状态自动更新任务
2025-11-26 19:37:00.018  INFO c.e.d.s.CompetitionScheduledTask:35 - 竞赛状态自动更新任务完成
2025-11-26 19:38:00.005  INFO c.e.d.s.CompetitionScheduledTask:33 - 开始执行竞赛状态自动更新任务
2025-11-26 19:38:00.020  INFO c.e.d.s.CompetitionScheduledTask:35 - 竞赛状态自动更新任务完成
2025-11-26 19:39:00.000  INFO c.e.d.s.CompetitionScheduledTask:33 - 开始执行竞赛状态自动更新任务
2025-11-26 19:39:00.013  INFO c.e.d.s.CompetitionScheduledTask:35 - 竞赛状态自动更新任务完成
2025-11-26 19:40:00.001  INFO c.e.d.s.CompetitionScheduledTask:33 - 开始执行竞赛状态自动更新任务
2025-11-26 19:40:00.009  INFO c.e.d.s.CompetitionScheduledTask:35 - 竞赛状态自动更新任务完成
2025-11-26 19:41:00.002  INFO c.e.d.s.CompetitionScheduledTask:33 - 开始执行竞赛状态自动更新任务
2025-11-26 19:41:00.016  INFO c.e.d.s.CompetitionScheduledTask:35 - 竞赛状态自动更新任务完成
2025-11-26 19:42:00.001  INFO c.e.d.s.CompetitionScheduledTask:33 - 开始执行竞赛状态自动更新任务
2025-11-26 19:42:00.013  INFO c.e.d.s.CompetitionScheduledTask:35 - 竞赛状态自动更新任务完成
2025-11-26 19:42:59.998  INFO c.e.d.s.CompetitionScheduledTask:33 - 开始执行竞赛状态自动更新任务
2025-11-26 19:43:00.009  INFO c.e.d.s.CompetitionScheduledTask:35 - 竞赛状态自动更新任务完成
2025-11-26 19:43:03.598  INFO o.s.b.w.e.t.GracefulShutdown:54 - Commencing graceful shutdown. Waiting for active requests to complete
2025-11-26 19:43:03.607  INFO o.s.b.w.e.t.GracefulShutdown:76 - Graceful shutdown complete
2025-11-26 19:43:03.611  INFO o.s.o.j.LocalContainerEntityManagerFactoryBean:660 - Closing JPA EntityManagerFactory for persistence unit 'default'
2025-11-26 19:43:03.614  INFO c.z.h.HikariDataSource:349 - HikariPool-1 - Shutdown initiated...
2025-11-26 19:43:03.615  INFO c.z.h.HikariDataSource:351 - HikariPool-1 - Shutdown completed.
2025-11-26 19:43:08.519  INFO c.e.d.DemoApplication:53 - Starting DemoApplication using Java 17.0.15 with PID 99836 (/Volumes/GT/dijango格温/bishe/demo/target/classes started by wuyingnan in /Volumes/GT/dijango格温/bishe/demo)
2025-11-26 19:43:08.520  INFO c.e.d.DemoApplication:652 - No active profile set, falling back to 1 default profile: "default"
2025-11-26 19:43:08.776  INFO o.s.d.r.c.RepositoryConfigurationDelegate:145 - Bootstrapping Spring Data JPA repositories in DEFAULT mode.
2025-11-26 19:43:08.801  INFO o.s.d.r.c.RepositoryConfigurationDelegate:213 - Finished Spring Data repository scanning in 22 ms. Found 12 JPA repository interfaces.
2025-11-26 19:43:08.986  INFO o.s.b.w.e.t.TomcatWebServer:111 - Tomcat initialized with port 8080 (http)
2025-11-26 19:43:08.991  INFO o.a.c.c.StandardService:168 - Starting service [Tomcat]
2025-11-26 19:43:08.991  INFO o.a.c.c.StandardEngine:168 - Starting Servlet engine: [Apache Tomcat/10.1.46]
2025-11-26 19:43:09.007  INFO o.a.c.c.C.[.[.[/]:168 - Initializing Spring embedded WebApplicationContext
2025-11-26 19:43:09.007  INFO o.s.b.w.s.c.ServletWebServerApplicationContext:301 - Root WebApplicationContext: initialization completed in 470 ms
2025-11-26 19:43:09.072  INFO o.h.j.i.u.LogHelper:31 - HHH000204: Processing PersistenceUnitInfo [name: default]
2025-11-26 19:43:09.091  INFO o.h.Version:44 - HHH000412: Hibernate ORM core version 6.6.29.Final
2025-11-26 19:43:09.101  INFO o.h.c.i.RegionFactoryInitiator:50 - HHH000026: Second-level cache disabled
2025-11-26 19:43:09.182  INFO o.s.o.j.p.SpringPersistenceUnitInfo:87 - No LoadTimeWeaver setup: ignoring JPA class transformer
2025-11-26 19:43:09.193  INFO c.z.h.HikariDataSource:109 - HikariPool-1 - Starting...
2025-11-26 19:43:09.246  INFO c.z.h.p.HikariPool:580 - HikariPool-1 - Added connection com.mysql.cj.jdbc.ConnectionImpl@6de33fde
2025-11-26 19:43:09.247  INFO c.z.h.HikariDataSource:122 - HikariPool-1 - Start completed.
2025-11-26 19:43:09.269  WARN o.h.o.deprecation:153 - HHH90000025: MySQLDialect does not need to be specified explicitly using 'hibernate.dialect' (remove the property setting and it will be selected by default)
2025-11-26 19:43:09.275  INFO o.h.o.c.pooling:163 - HHH10001005: Database info:
	Database JDBC URL [Connecting through datasource 'HikariDataSource (HikariPool-1)']
	Database driver: undefined/unknown
	Database version: 8.0.44
	Autocommit mode: undefined/unknown
	Isolation level: undefined/unknown
	Minimum pool size: undefined/unknown
	Maximum pool size: undefined/unknown
2025-11-26 19:43:09.642  INFO o.h.e.t.j.p.i.JtaPlatformInitiator:59 - HHH000489: No JTA platform available (set 'hibernate.transaction.jta.platform' to enable JTA platform integration)
2025-11-26 19:43:09.750  INFO o.s.o.j.LocalContainerEntityManagerFactoryBean:447 - Initialized JPA EntityManagerFactory for persistence unit 'default'
2025-11-26 19:43:09.855  INFO o.s.d.j.r.q.QueryEnhancerFactory:49 - Hibernate is in classpath; If applicable, HQL parser will be used.
2025-11-26 19:43:10.716  WARN o.s.b.a.o.j.JpaBaseConfiguration$JpaWebConfiguration:258 - spring.jpa.open-in-view is enabled by default. Therefore, database queries may be performed during view rendering. Explicitly configure spring.jpa.open-in-view to disable this warning
2025-11-26 19:43:10.977  INFO o.s.b.w.e.t.TomcatWebServer:243 - Tomcat started on port 8080 (http) with context path '/'
2025-11-26 19:43:10.983  INFO c.e.d.DemoApplication:59 - Started DemoApplication in 2.631 seconds (process running for 2.841)
2025-11-26 19:44:00.015  INFO c.e.d.s.CompetitionScheduledTask:33 - 开始执行竞赛状态自动更新任务
2025-11-26 19:44:00.090  INFO c.e.d.s.CompetitionScheduledTask:35 - 竞赛状态自动更新任务完成
2025-11-26 19:44:59.999  INFO c.e.d.s.CompetitionScheduledTask:33 - 开始执行竞赛状态自动更新任务
2025-11-26 19:45:00.024  INFO c.e.d.s.CompetitionScheduledTask:35 - 竞赛状态自动更新任务完成
2025-11-26 19:45:24.215  INFO o.a.c.c.C.[.[.[/]:168 - Initializing Spring DispatcherServlet 'dispatcherServlet'
2025-11-26 19:45:24.216  INFO o.s.w.s.DispatcherServlet:532 - Initializing Servlet 'dispatcherServlet'
2025-11-26 19:45:24.221  INFO o.s.w.s.DispatcherServlet:554 - Completed initialization in 5 ms
2025-11-26 19:45:59.998  INFO c.e.d.s.CompetitionScheduledTask:33 - 开始执行竞赛状态自动更新任务
2025-11-26 19:46:00.018  INFO c.e.d.s.CompetitionScheduledTask:35 - 竞赛状态自动更新任务完成
2025-11-26 19:47:00.000  INFO c.e.d.s.CompetitionScheduledTask:33 - 开始执行竞赛状态自动更新任务
2025-11-26 19:47:00.046  INFO c.e.d.s.CompetitionScheduledTask:35 - 竞赛状态自动更新任务完成
2025-11-26 19:48:00.002  INFO c.e.d.s.CompetitionScheduledTask:33 - 开始执行竞赛状态自动更新任务
2025-11-26 19:48:00.020  INFO c.e.d.s.CompetitionScheduledTask:35 - 竞赛状态自动更新任务完成
2025-11-26 19:48:59.998  INFO c.e.d.s.CompetitionScheduledTask:33 - 开始执行竞赛状态自动更新任务
2025-11-26 19:49:00.015  INFO c.e.d.s.CompetitionScheduledTask:35 - 竞赛状态自动更新任务完成
2025-11-26 19:50:00.002  INFO c.e.d.s.CompetitionScheduledTask:33 - 开始执行竞赛状态自动更新任务
2025-11-26 19:50:00.031  INFO c.e.d.s.CompetitionScheduledTask:35 - 竞赛状态自动更新任务完成
2025-11-26 19:51:00.000  INFO c.e.d.s.CompetitionScheduledTask:33 - 开始执行竞赛状态自动更新任务
2025-11-26 19:51:00.026  INFO c.e.d.s.CompetitionScheduledTask:35 - 竞赛状态自动更新任务完成
2025-11-26 19:52:00.001  INFO c.e.d.s.CompetitionScheduledTask:33 - 开始执行竞赛状态自动更新任务
2025-11-26 19:52:00.019  INFO c.e.d.s.CompetitionScheduledTask:35 - 竞赛状态自动更新任务完成
2025-11-26 19:53:00.000  INFO c.e.d.s.CompetitionScheduledTask:33 - 开始执行竞赛状态自动更新任务
2025-11-26 19:53:00.036  INFO c.e.d.s.CompetitionScheduledTask:35 - 竞赛状态自动更新任务完成
2025-11-26 19:54:00.001  INFO c.e.d.s.CompetitionScheduledTask:33 - 开始执行竞赛状态自动更新任务
2025-11-26 19:54:00.028  INFO c.e.d.s.CompetitionScheduledTask:35 - 竞赛状态自动更新任务完成
2025-11-26 19:55:00.002  INFO c.e.d.s.CompetitionScheduledTask:33 - 开始执行竞赛状态自动更新任务
2025-11-26 19:55:00.016  INFO c.e.d.s.CompetitionScheduledTask:35 - 竞赛状态自动更新任务完成
2025-11-26 19:56:00.002  INFO c.e.d.s.CompetitionScheduledTask:33 - 开始执行竞赛状态自动更新任务
2025-11-26 19:56:00.021  INFO c.e.d.s.CompetitionScheduledTask:35 - 竞赛状态自动更新任务完成
2025-11-26 19:56:59.999  INFO c.e.d.s.CompetitionScheduledTask:33 - 开始执行竞赛状态自动更新任务
2025-11-26 19:57:00.033  INFO c.e.d.s.CompetitionScheduledTask:35 - 竞赛状态自动更新任务完成
2025-11-26 19:57:57.869  INFO o.s.b.w.e.t.GracefulShutdown:54 - Commencing graceful shutdown. Waiting for active requests to complete
2025-11-26 19:57:57.875  INFO o.s.b.w.e.t.GracefulShutdown:76 - Graceful shutdown complete
2025-11-26 19:57:57.879  INFO o.s.o.j.LocalContainerEntityManagerFactoryBean:660 - Closing JPA EntityManagerFactory for persistence unit 'default'
2025-11-26 19:57:57.881  INFO c.z.h.HikariDataSource:349 - HikariPool-1 - Shutdown initiated...
2025-11-26 19:57:57.885  INFO c.z.h.HikariDataSource:351 - HikariPool-1 - Shutdown completed.
2025-11-26 19:57:59.715  INFO c.e.d.DemoApplication:53 - Starting DemoApplication using Java 17.0.15 with PID 12837 (/Volumes/GT/dijango格温/bishe/demo/target/classes started by wuyingnan in /Volumes/GT/dijango格温/bishe/demo)
2025-11-26 19:57:59.715  INFO c.e.d.DemoApplication:652 - No active profile set, falling back to 1 default profile: "default"
2025-11-26 19:57:59.990  INFO o.s.d.r.c.RepositoryConfigurationDelegate:145 - Bootstrapping Spring Data JPA repositories in DEFAULT mode.
2025-11-26 19:58:00.017  INFO o.s.d.r.c.RepositoryConfigurationDelegate:213 - Finished Spring Data repository scanning in 23 ms. Found 12 JPA repository interfaces.
2025-11-26 19:58:00.193  INFO o.s.b.w.e.t.TomcatWebServer:111 - Tomcat initialized with port 8080 (http)
2025-11-26 19:58:00.199  INFO o.a.c.c.StandardService:168 - Starting service [Tomcat]
2025-11-26 19:58:00.199  INFO o.a.c.c.StandardEngine:168 - Starting Servlet engine: [Apache Tomcat/10.1.46]
2025-11-26 19:58:00.213  INFO o.a.c.c.C.[.[.[/]:168 - Initializing Spring embedded WebApplicationContext
2025-11-26 19:58:00.213  INFO o.s.b.w.s.c.ServletWebServerApplicationContext:301 - Root WebApplicationContext: initialization completed in 483 ms
2025-11-26 19:58:00.289  INFO o.h.j.i.u.LogHelper:31 - HHH000204: Processing PersistenceUnitInfo [name: default]
2025-11-26 19:58:00.312  INFO o.h.Version:44 - HHH000412: Hibernate ORM core version 6.6.29.Final
2025-11-26 19:58:00.321  INFO o.h.c.i.RegionFactoryInitiator:50 - HHH000026: Second-level cache disabled
2025-11-26 19:58:00.399  INFO o.s.o.j.p.SpringPersistenceUnitInfo:87 - No LoadTimeWeaver setup: ignoring JPA class transformer
2025-11-26 19:58:00.409  INFO c.z.h.HikariDataSource:109 - HikariPool-1 - Starting...
2025-11-26 19:58:00.464  INFO c.z.h.p.HikariPool:580 - HikariPool-1 - Added connection com.mysql.cj.jdbc.ConnectionImpl@2ceb68a1
2025-11-26 19:58:00.465  INFO c.z.h.HikariDataSource:122 - HikariPool-1 - Start completed.
2025-11-26 19:58:00.482  WARN o.h.o.deprecation:153 - HHH90000025: MySQLDialect does not need to be specified explicitly using 'hibernate.dialect' (remove the property setting and it will be selected by default)
2025-11-26 19:58:00.487  INFO o.h.o.c.pooling:163 - HHH10001005: Database info:
	Database JDBC URL [Connecting through datasource 'HikariDataSource (HikariPool-1)']
	Database driver: undefined/unknown
	Database version: 8.0.44
	Autocommit mode: undefined/unknown
	Isolation level: undefined/unknown
	Minimum pool size: undefined/unknown
	Maximum pool size: undefined/unknown
2025-11-26 19:58:00.899  INFO o.h.e.t.j.p.i.JtaPlatformInitiator:59 - HHH000489: No JTA platform available (set 'hibernate.transaction.jta.platform' to enable JTA platform integration)
2025-11-26 19:58:01.013  INFO o.s.o.j.LocalContainerEntityManagerFactoryBean:447 - Initialized JPA EntityManagerFactory for persistence unit 'default'
2025-11-26 19:58:01.117  INFO o.s.d.j.r.q.QueryEnhancerFactory:49 - Hibernate is in classpath; If applicable, HQL parser will be used.
2025-11-26 19:58:02.004  WARN o.s.b.a.o.j.JpaBaseConfiguration$JpaWebConfiguration:258 - spring.jpa.open-in-view is enabled by default. Therefore, database queries may be performed during view rendering. Explicitly configure spring.jpa.open-in-view to disable this warning
2025-11-26 19:58:02.235  INFO o.s.b.w.e.t.TomcatWebServer:243 - Tomcat started on port 8080 (http) with context path '/'
2025-11-26 19:58:02.239  INFO c.e.d.DemoApplication:59 - Started DemoApplication in 2.674 seconds (process running for 2.853)
2025-11-26 19:58:33.498  INFO o.a.c.c.C.[.[.[/]:168 - Initializing Spring DispatcherServlet 'dispatcherServlet'
2025-11-26 19:58:33.498  INFO o.s.w.s.DispatcherServlet:532 - Initializing Servlet 'dispatcherServlet'
2025-11-26 19:58:33.499  INFO o.s.w.s.DispatcherServlet:554 - Completed initialization in 1 ms
2025-11-26 19:59:00.005  INFO c.e.d.s.CompetitionScheduledTask:33 - 开始执行竞赛状态自动更新任务
2025-11-26 19:59:00.032  INFO c.e.d.s.CompetitionScheduledTask:35 - 竞赛状态自动更新任务完成
2025-11-26 19:59:35.471  INFO c.e.d.c.StudentExamController:63 - 获取学生竞赛列表: page=0, size=5, onlyRegistered=true
2025-11-26 19:59:35.486  INFO c.e.d.c.StudentExamController:79 - 用户 8 直接提交的报名数: 0
2025-11-26 19:59:35.486  INFO c.e.d.c.StudentExamController:80 - 用户 8 的团队成员身份数: 0
2025-11-26 19:59:35.486  INFO c.e.d.c.StudentExamController:120 - 用户 8 的竞赛总数（去重后）: 0
2025-11-26 19:59:35.508  INFO c.e.d.c.ScoreController:318 - 获取我的成绩: userId=8
2025-11-26 19:59:35.511  INFO c.e.d.c.ScoreController:342 - 用户 8 的成绩数: 0
2025-11-26 20:00:00.000  INFO c.e.d.s.CompetitionScheduledTask:47 - 开始执行竞赛状态每小时更新任务
2025-11-26 20:00:00.031  INFO c.e.d.s.CompetitionScheduledTask:49 - 竞赛状态每小时更新任务完成
2025-11-26 20:00:00.034  INFO c.e.d.s.CompetitionScheduledTask:33 - 开始执行竞赛状态自动更新任务
2025-11-26 20:00:00.050  INFO c.e.d.s.CompetitionScheduledTask:35 - 竞赛状态自动更新任务完成
2025-11-26 20:01:00.001  INFO c.e.d.s.CompetitionScheduledTask:33 - 开始执行竞赛状态自动更新任务
2025-11-26 20:01:00.022  INFO c.e.d.s.CompetitionScheduledTask:35 - 竞赛状态自动更新任务完成
2025-11-26 20:02:00.001  INFO c.e.d.s.CompetitionScheduledTask:33 - 开始执行竞赛状态自动更新任务
2025-11-26 20:02:00.021  INFO c.e.d.s.CompetitionScheduledTask:35 - 竞赛状态自动更新任务完成
2025-11-26 20:03:00.003  INFO c.e.d.s.CompetitionScheduledTask:33 - 开始执行竞赛状态自动更新任务
2025-11-26 20:03:00.047  INFO c.e.d.s.CompetitionScheduledTask:35 - 竞赛状态自动更新任务完成
2025-11-26 20:04:00.003  INFO c.e.d.s.CompetitionScheduledTask:33 - 开始执行竞赛状态自动更新任务
2025-11-26 20:04:00.043  INFO c.e.d.s.CompetitionScheduledTask:35 - 竞赛状态自动更新任务完成
2025-11-26 20:05:00.002  INFO c.e.d.s.CompetitionScheduledTask:33 - 开始执行竞赛状态自动更新任务
2025-11-26 20:05:00.029  INFO c.e.d.s.CompetitionScheduledTask:35 - 竞赛状态自动更新任务完成
2025-11-26 20:06:00.002  INFO c.e.d.s.CompetitionScheduledTask:33 - 开始执行竞赛状态自动更新任务
2025-11-26 20:06:00.026  INFO c.e.d.s.CompetitionScheduledTask:35 - 竞赛状态自动更新任务完成
2025-11-26 20:06:59.998  INFO c.e.d.s.CompetitionScheduledTask:33 - 开始执行竞赛状态自动更新任务
2025-11-26 20:07:00.022  INFO c.e.d.s.CompetitionScheduledTask:35 - 竞赛状态自动更新任务完成
2025-11-26 20:08:02.776  INFO c.e.d.s.CompetitionScheduledTask:33 - 开始执行竞赛状态自动更新任务
2025-11-26 20:08:02.798  INFO c.e.d.s.CompetitionScheduledTask:35 - 竞赛状态自动更新任务完成
2025-11-26 20:09:00.000  INFO c.e.d.s.CompetitionScheduledTask:33 - 开始执行竞赛状态自动更新任务
2025-11-26 20:09:00.023  INFO c.e.d.s.CompetitionScheduledTask:35 - 竞赛状态自动更新任务完成
2025-11-26 20:10:00.002  INFO c.e.d.s.CompetitionScheduledTask:33 - 开始执行竞赛状态自动更新任务
2025-11-26 20:10:00.022  INFO c.e.d.s.CompetitionScheduledTask:35 - 竞赛状态自动更新任务完成
2025-11-26 20:10:59.999  INFO c.e.d.s.CompetitionScheduledTask:33 - 开始执行竞赛状态自动更新任务
2025-11-26 20:11:00.034  INFO c.e.d.s.CompetitionScheduledTask:35 - 竞赛状态自动更新任务完成
2025-11-26 20:12:00.003  INFO c.e.d.s.CompetitionScheduledTask:33 - 开始执行竞赛状态自动更新任务
2025-11-26 20:12:00.041  INFO c.e.d.s.CompetitionScheduledTask:35 - 竞赛状态自动更新任务完成
2025-11-26 20:13:00.001  INFO c.e.d.s.CompetitionScheduledTask:33 - 开始执行竞赛状态自动更新任务
2025-11-26 20:13:00.012  INFO c.e.d.s.CompetitionScheduledTask:35 - 竞赛状态自动更新任务完成
2025-11-26 20:14:00.003  INFO c.e.d.s.CompetitionScheduledTask:33 - 开始执行竞赛状态自动更新任务
2025-11-26 20:14:00.023  INFO c.e.d.s.CompetitionScheduledTask:35 - 竞赛状态自动更新任务完成
2025-11-26 20:14:59.999  INFO c.e.d.s.CompetitionScheduledTask:33 - 开始执行竞赛状态自动更新任务
2025-11-26 20:15:00.019  INFO c.e.d.s.CompetitionScheduledTask:35 - 竞赛状态自动更新任务完成
2025-11-26 20:16:00.001  INFO c.e.d.s.CompetitionScheduledTask:33 - 开始执行竞赛状态自动更新任务
2025-11-26 20:16:00.025  INFO c.e.d.s.CompetitionScheduledTask:35 - 竞赛状态自动更新任务完成
2025-11-26 20:17:00.002  INFO c.e.d.s.CompetitionScheduledTask:33 - 开始执行竞赛状态自动更新任务
2025-11-26 20:17:00.019  INFO c.e.d.s.CompetitionScheduledTask:35 - 竞赛状态自动更新任务完成
2025-11-26 20:18:00.003  INFO c.e.d.s.CompetitionScheduledTask:33 - 开始执行竞赛状态自动更新任务
2025-11-26 20:18:00.017  INFO c.e.d.s.CompetitionScheduledTask:35 - 竞赛状态自动更新任务完成
2025-11-26 20:18:59.999  INFO c.e.d.s.CompetitionScheduledTask:33 - 开始执行竞赛状态自动更新任务
2025-11-26 20:19:00.049  INFO c.e.d.s.CompetitionScheduledTask:35 - 竞赛状态自动更新任务完成
2025-11-26 20:19:46.646  INFO o.s.b.w.e.t.GracefulShutdown:54 - Commencing graceful shutdown. Waiting for active requests to complete
2025-11-26 20:19:46.653  INFO o.s.b.w.e.t.GracefulShutdown:76 - Graceful shutdown complete
2025-11-26 20:19:46.658  INFO o.s.o.j.LocalContainerEntityManagerFactoryBean:660 - Closing JPA EntityManagerFactory for persistence unit 'default'
2025-11-26 20:19:46.661  INFO c.z.h.HikariDataSource:349 - HikariPool-1 - Shutdown initiated...
2025-11-26 20:19:46.667  INFO c.z.h.HikariDataSource:351 - HikariPool-1 - Shutdown completed.
